TN:
SF:api/_lib/cors.js
FN:15,parseConfiguredOrigins
FN:19,(anonymous_1)
FN:26,isAllowedOrigin
FN:47,applyCors
FNF:4
FNH:0
FNDA:0,parseConfiguredOrigins
FNDA:0,(anonymous_1)
FNDA:0,isAllowedOrigin
FNDA:0,applyCors
DA:13,0
DA:16,0
DA:17,0
DA:19,0
DA:21,0
DA:24,0
DA:27,0
DA:28,0
DA:29,0
DA:31,0
DA:32,0
DA:34,0
DA:36,0
DA:38,0
DA:40,0
DA:48,0
DA:49,0
DA:51,0
DA:52,0
DA:53,0
DA:55,0
DA:56,0
DA:57,0
DA:58,0
DA:59,0
DA:61,0
LF:26
LH:0
BRDA:16,0,0,0
BRDA:16,0,1,0
BRDA:21,1,0,0
BRDA:21,1,1,0
BRDA:27,2,0,0
BRDA:27,2,1,0
BRDA:29,3,0,0
BRDA:29,3,1,0
BRDA:34,4,0,0
BRDA:34,4,1,0
BRDA:36,5,0,0
BRDA:36,5,1,0
BRDA:36,6,0,0
BRDA:36,6,1,0
BRDA:47,7,0,0
BRDA:47,8,0,0
BRDA:47,9,0,0
BRDA:49,10,0,0
BRDA:49,10,1,0
BRDA:51,11,0,0
BRDA:51,11,1,0
BRF:21
BRH:0
end_of_record
TN:
SF:api/_lib/hashIp.js
FN:11,hashIp
FNF:1
FNH:1
FNDA:12,hashIp
DA:1,1
DA:12,12
DA:13,8
DA:14,12
LF:4
LH:4
BRDA:12,0,0,4
BRDA:12,0,1,8
BRDA:12,1,0,12
BRDA:12,1,1,9
BRDA:13,2,0,8
BRDA:13,2,1,0
BRF:6
BRH:5
end_of_record
TN:
SF:api/_lib/rateLimit.js
FN:13,createRateLimiter
FN:16,check
FN:36,getClientIp
FNF:3
FNH:3
FNDA:5,createRateLimiter
FNDA:17,check
FNDA:3,getClientIp
DA:14,5
DA:16,5
DA:17,17
DA:18,15
DA:19,15
DA:21,15
DA:22,6
DA:23,6
DA:26,9
DA:27,9
DA:28,9
DA:29,9
DA:37,3
DA:38,3
DA:39,2
LF:15
LH:15
BRDA:17,0,0,2
BRDA:17,0,1,15
BRDA:21,1,0,6
BRDA:21,1,1,9
BRDA:21,2,0,15
BRDA:21,2,1,10
BRDA:38,3,0,1
BRDA:38,3,1,2
BRDA:39,4,0,2
BRDA:39,4,1,1
BRF:10
BRH:10
end_of_record
TN:
SF:api/_lib/sanitize.js
FN:31,sanitizeInput
FN:53,(anonymous_1)
FNF:2
FNH:2
FNDA:15,sanitizeInput
FNDA:87,(anonymous_1)
DA:10,1
DA:32,15
DA:33,4
DA:37,11
DA:40,11
DA:44,11
DA:47,11
DA:49,11
DA:51,11
DA:53,87
DA:54,7
DA:57,4
DA:58,1
DA:61,3
LF:14
LH:14
BRDA:32,0,0,4
BRDA:32,0,1,11
BRDA:32,1,0,15
BRDA:32,1,1,12
BRDA:49,2,0,0
BRDA:49,2,1,11
BRDA:51,3,0,1
BRDA:51,3,1,10
BRDA:53,4,0,7
BRDA:53,4,1,4
BRDA:57,5,0,1
BRDA:57,5,1,3
BRF:12
BRH:11
end_of_record
TN:
SF:src/hooks/useActiveSection.js
FN:15,compute
FN:24,(anonymous_1)
FN:31,attachIfNeeded
FN:37,(anonymous_3)
FN:40,(anonymous_4)
FN:48,(anonymous_5)
FNF:6
FNH:0
FNDA:0,compute
FNDA:0,(anonymous_1)
FNDA:0,attachIfNeeded
FNDA:0,(anonymous_3)
FNDA:0,(anonymous_4)
FNDA:0,(anonymous_5)
DA:10,0
DA:11,0
DA:12,0
DA:13,0
DA:16,0
DA:17,0
DA:18,0
DA:19,0
DA:20,0
DA:21,0
DA:22,0
DA:23,0
DA:24,0
DA:26,0
DA:32,0
DA:33,0
DA:34,0
DA:37,0
DA:38,0
DA:40,0
DA:43,0
DA:44,0
DA:45,0
DA:46,0
DA:48,0
DA:49,0
DA:53,0
LF:27
LH:0
BRDA:19,0,0,0
BRDA:19,0,1,0
BRDA:21,1,0,0
BRDA:21,1,1,0
BRDA:21,2,0,0
BRDA:21,2,1,0
BRDA:22,3,0,0
BRDA:22,3,1,0
BRDA:32,4,0,0
BRDA:32,4,1,0
BRDA:32,5,0,0
BRDA:32,5,1,0
BRF:12
BRH:0
end_of_record
TN:
SF:src/hooks/useDarkMode.js
FN:3,(anonymous_0)
FN:4,(anonymous_1)
FN:15,(anonymous_2)
FNF:3
FNH:0
FNDA:0,(anonymous_0)
FNDA:0,(anonymous_1)
FNDA:0,(anonymous_2)
DA:3,0
DA:4,0
DA:5,0
DA:6,0
DA:7,0
DA:8,0
DA:10,0
DA:12,0
DA:15,0
DA:16,0
DA:17,0
DA:18,0
DA:19,0
DA:21,0
DA:22,0
DA:26,0
LF:16
LH:0
BRDA:5,0,0,0
BRDA:5,0,1,0
BRDA:7,1,0,0
BRDA:7,1,1,0
BRDA:17,2,0,0
BRDA:17,2,1,0
BRF:6
BRH:0
end_of_record
TN:
SF:src/hooks/useSpeechRecognition.js
FN:13,(anonymous_0)
FN:18,(anonymous_1)
FN:28,(anonymous_2)
FN:33,(anonymous_3)
FN:41,(anonymous_4)
FN:47,(anonymous_5)
FN:56,(anonymous_6)
FN:57,(anonymous_7)
FN:60,(anonymous_8)
FN:67,(anonymous_9)
FN:81,(anonymous_10)
FNF:11
FNH:7
FNDA:3,(anonymous_0)
FNDA:3,(anonymous_1)
FNDA:3,(anonymous_2)
FNDA:3,(anonymous_3)
FNDA:0,(anonymous_4)
FNDA:0,(anonymous_5)
FNDA:0,(anonymous_6)
FNDA:0,(anonymous_7)
FNDA:1,(anonymous_8)
FNDA:1,(anonymous_9)
FNDA:1,(anonymous_10)
DA:13,1
DA:14,3
DA:15,3
DA:18,1
DA:19,3
DA:20,3
DA:21,3
DA:27,3
DA:28,3
DA:30,3
DA:31,3
DA:33,3
DA:34,3
DA:35,1
DA:36,1
DA:37,1
DA:38,1
DA:39,1
DA:41,1
DA:42,0
DA:43,0
DA:44,0
DA:47,1
DA:53,0
DA:54,0
DA:56,1
DA:57,1
DA:59,1
DA:60,1
DA:61,1
DA:62,1
DA:67,3
DA:68,1
DA:69,0
DA:70,0
DA:71,0
DA:76,0
DA:77,0
DA:81,3
DA:82,1
DA:83,0
DA:86,3
LF:42
LH:31
BRDA:14,0,0,0
BRDA:14,0,1,3
BRDA:15,1,0,3
BRDA:15,1,1,2
BRDA:15,1,2,2
BRDA:18,2,0,3
BRDA:18,3,0,3
BRDA:34,4,0,2
BRDA:34,4,1,1
BRDA:42,5,0,0
BRDA:42,5,1,0
BRDA:43,6,0,0
BRDA:43,6,1,0
BRDA:43,7,0,0
BRDA:43,7,1,0
BRDA:53,8,0,0
BRDA:53,8,1,0
BRDA:68,9,0,1
BRDA:68,9,1,0
BRDA:68,10,0,1
BRDA:68,10,1,0
BRDA:76,11,0,0
BRDA:76,11,1,0
BRDA:82,12,0,1
BRDA:82,12,1,0
BRF:25
BRH:11
end_of_record
TN:
SF:src/services/analyticsService.js
FN:11,safeUUID
FN:20,(anonymous_1)
FN:28,(anonymous_2)
FN:32,(anonymous_3)
FN:78,(anonymous_4)
FN:90,(anonymous_5)
FN:108,(anonymous_6)
FN:118,(anonymous_7)
FN:126,(anonymous_8)
FN:131,(anonymous_9)
FN:148,(anonymous_10)
FN:149,(anonymous_11)
FN:152,(anonymous_12)
FN:159,(anonymous_13)
FN:161,(anonymous_14)
FN:179,(anonymous_15)
FN:206,(anonymous_16)
FN:211,(anonymous_17)
FNF:18
FNH:0
FNDA:0,safeUUID
FNDA:0,(anonymous_1)
FNDA:0,(anonymous_2)
FNDA:0,(anonymous_3)
FNDA:0,(anonymous_4)
FNDA:0,(anonymous_5)
FNDA:0,(anonymous_6)
FNDA:0,(anonymous_7)
FNDA:0,(anonymous_8)
FNDA:0,(anonymous_9)
FNDA:0,(anonymous_10)
FNDA:0,(anonymous_11)
FNDA:0,(anonymous_12)
FNDA:0,(anonymous_13)
FNDA:0,(anonymous_14)
FNDA:0,(anonymous_15)
FNDA:0,(anonymous_16)
FNDA:0,(anonymous_17)
DA:12,0
DA:13,0
DA:16,0
DA:21,0
DA:22,0
DA:23,0
DA:24,0
DA:29,0
DA:33,0
DA:46,0
DA:49,0
DA:52,0
DA:54,0
DA:64,0
DA:65,0
DA:66,0
DA:69,0
DA:70,0
DA:74,0
DA:79,0
DA:80,0
DA:85,0
DA:91,0
DA:92,0
DA:95,0
DA:96,0
DA:97,0
DA:98,0
DA:99,0
DA:100,0
DA:101,0
DA:104,0
DA:109,0
DA:110,0
DA:113,0
DA:114,0
DA:115,0
DA:118,0
DA:119,0
DA:123,0
DA:127,0
DA:132,0
DA:133,0
DA:144,0
DA:145,0
DA:148,0
DA:149,0
DA:150,0
DA:152,0
DA:153,0
DA:158,0
DA:159,0
DA:161,0
DA:164,0
DA:167,0
DA:180,0
DA:181,0
DA:190,0
DA:191,0
DA:192,0
DA:194,0
DA:198,0
DA:200,0
DA:201,0
DA:207,0
DA:208,0
DA:212,0
DA:223,0
LF:68
LH:0
BRDA:12,0,0,0
BRDA:12,0,1,0
BRDA:12,1,0,0
BRDA:12,1,1,0
BRDA:32,2,0,0
BRDA:52,3,0,0
BRDA:52,3,1,0
BRDA:64,4,0,0
BRDA:64,4,1,0
BRDA:95,5,0,0
BRDA:95,5,1,0
BRDA:95,6,0,0
BRDA:95,6,1,0
BRDA:96,7,0,0
BRDA:96,7,1,0
BRDA:96,8,0,0
BRDA:96,8,1,0
BRDA:97,9,0,0
BRDA:97,9,1,0
BRDA:97,10,0,0
BRDA:97,10,1,0
BRDA:98,11,0,0
BRDA:98,11,1,0
BRDA:98,12,0,0
BRDA:98,12,1,0
BRDA:99,13,0,0
BRDA:99,13,1,0
BRDA:99,14,0,0
BRDA:99,14,1,0
BRDA:100,15,0,0
BRDA:100,15,1,0
BRDA:100,16,0,0
BRDA:100,16,1,0
BRDA:101,17,0,0
BRDA:101,17,1,0
BRDA:101,18,0,0
BRDA:101,18,1,0
BRDA:119,19,0,0
BRDA:119,19,1,0
BRDA:132,20,0,0
BRDA:132,20,1,0
BRDA:150,21,0,0
BRDA:150,21,1,0
BRDA:153,22,0,0
BRDA:153,22,1,0
BRDA:190,23,0,0
BRDA:190,23,1,0
BRDA:191,24,0,0
BRDA:191,24,1,0
BRF:49
BRH:0
end_of_record
TN:
SF:src/services/chatService.js
FN:16,(anonymous_0)
FN:30,(anonymous_1)
FN:56,(anonymous_2)
FN:67,(anonymous_3)
FN:76,(anonymous_4)
FN:85,(anonymous_5)
FNF:6
FNH:4
FNDA:5,(anonymous_0)
FNDA:0,(anonymous_1)
FNDA:6,(anonymous_2)
FNDA:3,(anonymous_3)
FNDA:8,(anonymous_4)
FNDA:0,(anonymous_5)
DA:16,1
DA:17,5
DA:21,5
DA:22,5
DA:23,5
DA:29,4
DA:30,1
DA:31,1
DA:32,1
DA:35,3
DA:37,3
DA:38,1
DA:39,1
DA:45,2
DA:46,0
DA:49,2
DA:51,1
DA:52,1
DA:56,1
DA:57,6
DA:60,6
DA:61,2
DA:65,4
DA:66,1
DA:67,3
DA:68,1
DA:70,0
DA:74,3
DA:75,2
DA:76,8
DA:77,2
DA:79,0
DA:83,1
DA:84,0
DA:85,0
DA:86,0
DA:88,0
DA:92,1
DA:93,0
DA:94,0
DA:95,0
DA:96,0
DA:98,0
DA:102,1
DA:103,0
DA:104,0
DA:108,1
DA:109,0
DA:113,1
DA:114,0
DA:118,1
DA:119,0
DA:123,1
DA:124,0
DA:128,1
DA:129,0
DA:133,1
DA:134,0
DA:138,1
DA:139,0
DA:143,1
LF:61
LH:40
BRDA:16,0,0,5
BRDA:21,1,0,0
BRDA:21,1,1,5
BRDA:29,2,0,1
BRDA:29,2,1,3
BRDA:37,3,0,1
BRDA:37,3,1,2
BRDA:45,4,0,0
BRDA:45,4,1,2
BRDA:60,5,0,2
BRDA:60,5,1,4
BRDA:65,6,0,1
BRDA:65,6,1,3
BRDA:66,7,0,1
BRDA:66,7,1,0
BRDA:66,8,0,1
BRDA:66,8,1,1
BRDA:67,9,0,3
BRDA:67,9,1,0
BRDA:74,10,0,2
BRDA:74,10,1,1
BRDA:74,11,0,3
BRDA:74,11,1,1
BRDA:75,12,0,2
BRDA:75,12,1,0
BRDA:75,13,0,2
BRDA:75,13,1,2
BRDA:83,14,0,0
BRDA:83,14,1,1
BRDA:83,15,0,1
BRDA:83,15,1,1
BRDA:84,16,0,0
BRDA:84,16,1,0
BRDA:84,17,0,0
BRDA:84,17,1,0
BRDA:92,18,0,0
BRDA:92,18,1,1
BRDA:92,19,0,1
BRDA:92,19,1,1
BRDA:92,19,2,1
BRDA:93,20,0,0
BRDA:93,20,1,0
BRDA:93,21,0,0
BRDA:93,21,1,0
BRDA:94,22,0,0
BRDA:94,22,1,0
BRDA:102,23,0,0
BRDA:102,23,1,1
BRDA:102,24,0,1
BRDA:102,24,1,1
BRDA:102,24,2,1
BRDA:103,25,0,0
BRDA:103,25,1,0
BRDA:108,26,0,0
BRDA:108,26,1,1
BRDA:108,27,0,1
BRDA:108,27,1,1
BRDA:108,27,2,1
BRDA:113,28,0,0
BRDA:113,28,1,1
BRDA:113,29,0,1
BRDA:113,29,1,1
BRDA:113,29,2,1
BRDA:118,30,0,0
BRDA:118,30,1,1
BRDA:118,31,0,1
BRDA:118,31,1,1
BRDA:118,31,2,1
BRDA:123,32,0,0
BRDA:123,32,1,1
BRDA:123,33,0,1
BRDA:123,33,1,1
BRDA:123,33,2,1
BRDA:128,34,0,0
BRDA:128,34,1,1
BRDA:128,35,0,1
BRDA:128,35,1,1
BRDA:128,35,2,1
BRDA:128,35,3,1
BRDA:133,36,0,0
BRDA:133,36,1,1
BRDA:133,37,0,1
BRDA:133,37,1,1
BRDA:133,37,2,1
BRDA:138,38,0,0
BRDA:138,38,1,1
BRDA:138,39,0,1
BRDA:138,39,1,1
BRDA:138,39,2,1
BRF:89
BRH:62
end_of_record
